
SQL*Loader: Release 21.0.0.0.0 - Production on Sat Mar 25 20:58:23 2023
Version 21.3.0.0.0

Copyright (c) 1982, 2021, Oracle and/or its affiliates.  All rights reserved.

Control File:   genome-scores.ctl
Data File:      /opt/oracle/movies/ml-25m/genome-scores.csv
  File processing option string: "str '
'"
  Bad File:     /opt/oracle/movies/setup/genome_scores/genome-scores.bad
  Discard File:  none specified
 
 (Allow all discards)

Number to load: ALL
Number to skip: 1
Errors allowed: 50
Bind array:     250 rows, maximum of 1048576 bytes
Continuation:    none specified
Path used:      Conventional

Table GENOME_SCORES, loaded from every logical record.
Insert option in effect for this table: APPEND
TRAILING NULLCOLS option in effect

   Column Name                  Position   Len  Term Encl Datatype
------------------------------ ---------- ----- ---- ---- ---------------------
MOVIE_ID                            FIRST     *   ,  O(") CHARACTER            
                                                      O(")
TAG_ID                               NEXT     *   ,  O(") CHARACTER            
                                                      O(")
RELEVANCE                            NEXT     *   ,  O(") CHARACTER            
                                                      O(")


Table GENOME_SCORES:
  15584448 Rows successfully loaded.
  0 Rows not loaded due to data errors.
  0 Rows not loaded because all WHEN clauses were failed.
  0 Rows not loaded because all fields were null.


Space allocated for bind array:                 193500 bytes(250 rows)
Read   buffer bytes: 1048576

Total logical records skipped:          1
Total logical records read:      15584448
Total logical records rejected:         0
Total logical records discarded:        0

Run began on Sat Mar 25 20:58:23 2023
Run ended on Sat Mar 25 20:59:21 2023

Elapsed time was:     00:00:58.06
CPU time was:         00:00:09.80
